[      69ms] [INFO] %cDownload the React DevTools for a better development experience: https://react.dev/link/react-devtools font-weight:bold @ http://localhost:5173/node_modules/.vite/deps/react-dom_client.js?v=c7a74274:14336
[      84ms] [LOG] [API] Fetching: http://localhost:5001/api/auth/me @ http://localhost:5173/src/api.ts:6
[      84ms] [LOG] [API] Fetching: http://localhost:5001/api/auth/me @ http://localhost:5173/src/api.ts:6
[     535ms] [LOG] [API] Fetching: http://localhost:5001/api/staff/tasks @ http://localhost:5173/src/api.ts:6
[     535ms] [LOG] [API] Fetching: http://localhost:5001/api/staff/tasks @ http://localhost:5173/src/api.ts:6
[     538ms] [ERROR] Failed to load resource: the server responded with a status of 404 (Not Found) @ http://localhost:5001/api/staff/tasks:0
[     538ms] [ERROR] [API] 404 Not Found from http://localhost:5001/api/staff/tasks @ http://localhost:5173/@vite/client:509
[     539ms] [ERROR] Failed to load resource: the server responded with a status of 404 (Not Found) @ http://localhost:5001/api/staff/tasks:0
[     540ms] [ERROR] [API] 404 Not Found from http://localhost:5001/api/staff/tasks @ http://localhost:5173/@vite/client:509
[   32819ms] [ERROR] WebSocket connection to 'ws://localhost:5173/?token=1yn-Lf-lAMJs' failed:  @ http://localhost:5173/@vite/client:840
[   32820ms] [LOG] [vite] server connection lost. Polling for restart... @ http://localhost:5173/@vite/client:968
[   32943ms] [INFO] %cDownload the React DevTools for a better development experience: https://react.dev/link/react-devtools font-weight:bold @ http://localhost:5173/node_modules/.vite/deps/react-dom_client.js?v=c7a74274:14336
[   32959ms] [LOG] [API] Fetching: http://localhost:5001/api/auth/me @ http://localhost:5173/src/api.ts:6
[   32960ms] [LOG] [API] Fetching: http://localhost:5001/api/auth/me @ http://localhost:5173/src/api.ts:6
[   32961ms] [ERROR] Failed to load resource: net::ERR_CONNECTION_REFUSED @ http://localhost:5001/api/auth/me:0
[   32963ms] [ERROR] Failed to load resource: net::ERR_CONNECTION_REFUSED @ http://localhost:5001/api/auth/me:0
[   33275ms] [LOG] [API] Fetching: http://localhost:5001/api/staff/tasks @ http://localhost:5173/src/api.ts:6
[   33277ms] [LOG] [API] Fetching: http://localhost:5001/api/staff/tasks @ http://localhost:5173/src/api.ts:6
[   33280ms] [ERROR] Failed to load resource: net::ERR_CONNECTION_REFUSED @ http://localhost:5001/api/staff/tasks:0
[   33280ms] [ERROR] Failed to load resource: net::ERR_CONNECTION_REFUSED @ http://localhost:5001/api/staff/tasks:0
