[     123ms] [INFO] %cDownload the React DevTools for a better development experience: https://react.dev/link/react-devtools font-weight:bold @ http://localhost:5173/node_modules/.vite/deps/react-dom_client.js?v=1bdc8b75:14336
[     180ms] [LOG] [API] Fetching: http://localhost:5001/api/impact/summary @ http://localhost:5173/src/api.ts?t=1775656986134:6
[     181ms] [LOG] [API] Fetching: http://localhost:5001/api/auth/me @ http://localhost:5173/src/api.ts?t=1775656986134:6
[     182ms] [LOG] [API] Fetching: http://localhost:5001/api/impact/summary @ http://localhost:5173/src/api.ts?t=1775656986134:6
[     183ms] [LOG] [API] Fetching: http://localhost:5001/api/auth/me @ http://localhost:5173/src/api.ts?t=1775656986134:6
[     190ms] [ERROR] Failed to load resource: net::ERR_CONNECTION_REFUSED @ http://localhost:5001/api/impact/summary:0
[     190ms] [ERROR] Failed to fetch impact summary TypeError: Failed to fetch
    at apiFetch (http://localhost:5173/src/api.ts?t=1775656986134:8:20)
    at http://localhost:5173/src/pages/HomePage.tsx?t=1775656986134:65:3
    at Object.react_stack_bottom_frame (http://localhost:5173/node_modules/.vite/deps/react-dom_client.js?v=1bdc8b75:12903:13)
    at runWithFiberInDEV (http://localhost:5173/node_modules/.vite/deps/react-dom_client.js?v=1bdc8b75:850:66)
    at commitHookEffectListMount (http://localhost:5173/node_modules/.vite/deps/react-dom_client.js?v=1bdc8b75:6616:153)
    at commitHookPassiveMountEffects (http://localhost:5173/node_modules/.vite/deps/react-dom_client.js?v=1bdc8b75:6651:55)
    at commitPassiveMountOnFiber (http://localhost:5173/node_modules/.vite/deps/react-dom_client.js?v=1bdc8b75:7617:22)
    at recursivelyTraversePassiveMountEffects (http://localhost:5173/node_modules/.vite/deps/react-dom_client.js?v=1bdc8b75:7605:5)
    at commitPassiveMountOnFiber (http://localhost:5173/node_modules/.vite/deps/react-dom_client.js?v=1bdc8b75:7616:6)
    at recursivelyTraversePassiveMountEffects (http://localhost:5173/node_modules/.vite/deps/react-dom_client.js?v=1bdc8b75:7605:5) @ http://localhost:5173/@vite/client:509
[     191ms] [ERROR] Failed to load resource: net::ERR_CONNECTION_REFUSED @ http://localhost:5001/api/auth/me:0
[     191ms] [ERROR] Failed to load resource: net::ERR_CONNECTION_REFUSED @ http://localhost:5001/api/impact/summary:0
[     191ms] [ERROR] Failed to fetch impact summary TypeError: Failed to fetch
    at apiFetch (http://localhost:5173/src/api.ts?t=1775656986134:8:20)
    at http://localhost:5173/src/pages/HomePage.tsx?t=1775656986134:65:3
    at Object.react_stack_bottom_frame (http://localhost:5173/node_modules/.vite/deps/react-dom_client.js?v=1bdc8b75:12903:13)
    at runWithFiberInDEV (http://localhost:5173/node_modules/.vite/deps/react-dom_client.js?v=1bdc8b75:850:66)
    at commitHookEffectListMount (http://localhost:5173/node_modules/.vite/deps/react-dom_client.js?v=1bdc8b75:6616:153)
    at commitHookPassiveMountEffects (http://localhost:5173/node_modules/.vite/deps/react-dom_client.js?v=1bdc8b75:6651:55)
    at reconnectPassiveEffects (http://localhost:5173/node_modules/.vite/deps/react-dom_client.js?v=1bdc8b75:7700:6)
    at recursivelyTraverseReconnectPassiveEffects (http://localhost:5173/node_modules/.vite/deps/react-dom_client.js?v=1bdc8b75:7687:5)
    at reconnectPassiveEffects (http://localhost:5173/node_modules/.vite/deps/react-dom_client.js?v=1bdc8b75:7699:6)
    at recursivelyTraverseReconnectPassiveEffects (http://localhost:5173/node_modules/.vite/deps/react-dom_client.js?v=1bdc8b75:7687:5) @ http://localhost:5173/@vite/client:509
[     192ms] [ERROR] Failed to load resource: net::ERR_CONNECTION_REFUSED @ http://localhost:5001/api/auth/me:0
[   14202ms] [LOG] [API] Fetching: http://localhost:5001/api/impact/summary @ http://localhost:5173/src/api.ts?t=1775657005746:6
[   14202ms] [LOG] [API] Fetching: http://localhost:5001/api/auth/me @ http://localhost:5173/src/api.ts?t=1775657005746:6
[   14203ms] [LOG] [API] Fetching: http://localhost:5001/api/impact/summary @ http://localhost:5173/src/api.ts?t=1775657005746:6
[   14212ms] [ERROR] Failed to load resource: net::ERR_CONNECTION_REFUSED @ http://localhost:5001/api/impact/summary:0
[   14213ms] [ERROR] Failed to fetch impact summary TypeError: Failed to fetch
    at apiFetch (http://localhost:5173/src/api.ts?t=1775657005746:8:20)
    at http://localhost:5173/src/pages/HomePage.tsx?t=1775657005746:65:3
    at Object.react_stack_bottom_frame (http://localhost:5173/node_modules/.vite/deps/react-dom_client.js?v=1bdc8b75:12903:13)
    at runWithFiberInDEV (http://localhost:5173/node_modules/.vite/deps/react-dom_client.js?v=1bdc8b75:850:66)
    at commitHookEffectListMount (http://localhost:5173/node_modules/.vite/deps/react-dom_client.js?v=1bdc8b75:6616:153)
    at commitHookPassiveMountEffects (http://localhost:5173/node_modules/.vite/deps/react-dom_client.js?v=1bdc8b75:6651:55)
    at commitPassiveMountOnFiber (http://localhost:5173/node_modules/.vite/deps/react-dom_client.js?v=1bdc8b75:7617:22)
    at recursivelyTraversePassiveMountEffects (http://localhost:5173/node_modules/.vite/deps/react-dom_client.js?v=1bdc8b75:7605:5)
    at commitPassiveMountOnFiber (http://localhost:5173/node_modules/.vite/deps/react-dom_client.js?v=1bdc8b75:7616:6)
    at recursivelyTraversePassiveMountEffects (http://localhost:5173/node_modules/.vite/deps/react-dom_client.js?v=1bdc8b75:7605:5) @ http://localhost:5173/@vite/client:509
[   14213ms] [ERROR] Failed to load resource: net::ERR_CONNECTION_REFUSED @ http://localhost:5001/api/auth/me:0
[   14213ms] [ERROR] Failed to load resource: net::ERR_CONNECTION_REFUSED @ http://localhost:5001/api/impact/summary:0
[   14213ms] [ERROR] Failed to fetch impact summary TypeError: Failed to fetch
    at apiFetch (http://localhost:5173/src/api.ts?t=1775657005746:8:20)
    at http://localhost:5173/src/pages/HomePage.tsx?t=1775657005746:65:3
    at Object.react_stack_bottom_frame (http://localhost:5173/node_modules/.vite/deps/react-dom_client.js?v=1bdc8b75:12903:13)
    at runWithFiberInDEV (http://localhost:5173/node_modules/.vite/deps/react-dom_client.js?v=1bdc8b75:850:66)
    at commitHookEffectListMount (http://localhost:5173/node_modules/.vite/deps/react-dom_client.js?v=1bdc8b75:6616:153)
    at commitHookPassiveMountEffects (http://localhost:5173/node_modules/.vite/deps/react-dom_client.js?v=1bdc8b75:6651:55)
    at reconnectPassiveEffects (http://localhost:5173/node_modules/.vite/deps/react-dom_client.js?v=1bdc8b75:7700:6)
    at recursivelyTraverseReconnectPassiveEffects (http://localhost:5173/node_modules/.vite/deps/react-dom_client.js?v=1bdc8b75:7687:5)
    at reconnectPassiveEffects (http://localhost:5173/node_modules/.vite/deps/react-dom_client.js?v=1bdc8b75:7699:6)
    at recursivelyTraverseReconnectPassiveEffects (http://localhost:5173/node_modules/.vite/deps/react-dom_client.js?v=1bdc8b75:7687:5) @ http://localhost:5173/@vite/client:509
[   19598ms] [LOG] [API] Fetching: http://localhost:5001/api/impact/summary @ http://localhost:5173/src/api.ts?t=1775657011161:6
[   19598ms] [LOG] [API] Fetching: http://localhost:5001/api/auth/me @ http://localhost:5173/src/api.ts?t=1775657011161:6
[   19599ms] [LOG] [API] Fetching: http://localhost:5001/api/impact/summary @ http://localhost:5173/src/api.ts?t=1775657011161:6
[   19603ms] [ERROR] Failed to load resource: net::ERR_CONNECTION_REFUSED @ http://localhost:5001/api/impact/summary:0
[   19603ms] [ERROR] Failed to fetch impact summary TypeError: Failed to fetch
    at apiFetch (http://localhost:5173/src/api.ts?t=1775657011161:8:20)
    at http://localhost:5173/src/pages/HomePage.tsx?t=1775657011161:65:3
    at Object.react_stack_bottom_frame (http://localhost:5173/node_modules/.vite/deps/react-dom_client.js?v=1bdc8b75:12903:13)
    at runWithFiberInDEV (http://localhost:5173/node_modules/.vite/deps/react-dom_client.js?v=1bdc8b75:850:66)
    at commitHookEffectListMount (http://localhost:5173/node_modules/.vite/deps/react-dom_client.js?v=1bdc8b75:6616:153)
    at commitHookPassiveMountEffects (http://localhost:5173/node_modules/.vite/deps/react-dom_client.js?v=1bdc8b75:6651:55)
    at commitPassiveMountOnFiber (http://localhost:5173/node_modules/.vite/deps/react-dom_client.js?v=1bdc8b75:7617:22)
    at recursivelyTraversePassiveMountEffects (http://localhost:5173/node_modules/.vite/deps/react-dom_client.js?v=1bdc8b75:7605:5)
    at commitPassiveMountOnFiber (http://localhost:5173/node_modules/.vite/deps/react-dom_client.js?v=1bdc8b75:7616:6)
    at recursivelyTraversePassiveMountEffects (http://localhost:5173/node_modules/.vite/deps/react-dom_client.js?v=1bdc8b75:7605:5) @ http://localhost:5173/@vite/client:509
[   19604ms] [ERROR] Failed to load resource: net::ERR_CONNECTION_REFUSED @ http://localhost:5001/api/auth/me:0
[   19604ms] [ERROR] Failed to load resource: net::ERR_CONNECTION_REFUSED @ http://localhost:5001/api/impact/summary:0
[   19604ms] [ERROR] Failed to fetch impact summary TypeError: Failed to fetch
    at apiFetch (http://localhost:5173/src/api.ts?t=1775657011161:8:20)
    at http://localhost:5173/src/pages/HomePage.tsx?t=1775657011161:65:3
    at Object.react_stack_bottom_frame (http://localhost:5173/node_modules/.vite/deps/react-dom_client.js?v=1bdc8b75:12903:13)
    at runWithFiberInDEV (http://localhost:5173/node_modules/.vite/deps/react-dom_client.js?v=1bdc8b75:850:66)
    at commitHookEffectListMount (http://localhost:5173/node_modules/.vite/deps/react-dom_client.js?v=1bdc8b75:6616:153)
    at commitHookPassiveMountEffects (http://localhost:5173/node_modules/.vite/deps/react-dom_client.js?v=1bdc8b75:6651:55)
    at reconnectPassiveEffects (http://localhost:5173/node_modules/.vite/deps/react-dom_client.js?v=1bdc8b75:7700:6)
    at recursivelyTraverseReconnectPassiveEffects (http://localhost:5173/node_modules/.vite/deps/react-dom_client.js?v=1bdc8b75:7687:5)
    at reconnectPassiveEffects (http://localhost:5173/node_modules/.vite/deps/react-dom_client.js?v=1bdc8b75:7699:6)
    at recursivelyTraverseReconnectPassiveEffects (http://localhost:5173/node_modules/.vite/deps/react-dom_client.js?v=1bdc8b75:7687:5) @ http://localhost:5173/@vite/client:509
[   63430ms] ReferenceError: shouldShowNewsletter is not defined
    at Header (http://localhost:5173/src/components/Header.tsx?t=1775657055006:110:55)
    at Object.react_stack_bottom_frame (http://localhost:5173/node_modules/.vite/deps/react-dom_client.js?v=1bdc8b75:12867:12)
    at renderWithHooks (http://localhost:5173/node_modules/.vite/deps/react-dom_client.js?v=1bdc8b75:4212:19)
    at updateFunctionComponent (http://localhost:5173/node_modules/.vite/deps/react-dom_client.js?v=1bdc8b75:5568:16)
    at beginWork (http://localhost:5173/node_modules/.vite/deps/react-dom_client.js?v=1bdc8b75:6139:20)
    at runWithFiberInDEV (http://localhost:5173/node_modules/.vite/deps/react-dom_client.js?v=1bdc8b75:850:66)
    at performUnitOfWork (http://localhost:5173/node_modules/.vite/deps/react-dom_client.js?v=1bdc8b75:8428:92)
    at workLoopSync (http://localhost:5173/node_modules/.vite/deps/react-dom_client.js?v=1bdc8b75:8324:37)
    at renderRootSync (http://localhost:5173/node_modules/.vite/deps/react-dom_client.js?v=1bdc8b75:8308:6)
    at performWorkOnRoot (http://localhost:5173/node_modules/.vite/deps/react-dom_client.js?v=1bdc8b75:7993:27)
[   63429ms] [WARNING] %s

%s
 An error occurred in the <Header> component. Consider adding an error boundary to your tree to customize error handling behavior.
Visit https://react.dev/link/error-boundaries to learn more about error boundaries. @ http://localhost:5173/@vite/client:509
[  110650ms] [LOG] [API] Fetching: http://localhost:5001/api/impact/summary @ http://localhost:5173/src/api.ts?t=1775657011161:6
[  110650ms] [LOG] [API] Fetching: http://localhost:5001/api/auth/me @ http://localhost:5173/src/api.ts?t=1775657011161:6
[  110650ms] [LOG] [API] Fetching: http://localhost:5001/api/impact/summary @ http://localhost:5173/src/api.ts?t=1775657011161:6
[  110651ms] [LOG] [API] Fetching: http://localhost:5001/api/auth/me @ http://localhost:5173/src/api.ts?t=1775657011161:6
[  110669ms] [ERROR] Failed to load resource: net::ERR_CONNECTION_REFUSED @ http://localhost:5001/api/impact/summary:0
[  110669ms] [ERROR] Failed to fetch impact summary TypeError: Failed to fetch
    at apiFetch (http://localhost:5173/src/api.ts?t=1775657011161:8:20)
    at http://localhost:5173/src/pages/HomePage.tsx?t=1775657011161:65:3
    at Object.react_stack_bottom_frame (http://localhost:5173/node_modules/.vite/deps/react-dom_client.js?v=1bdc8b75:12903:13)
    at runWithFiberInDEV (http://localhost:5173/node_modules/.vite/deps/react-dom_client.js?v=1bdc8b75:850:66)
    at commitHookEffectListMount (http://localhost:5173/node_modules/.vite/deps/react-dom_client.js?v=1bdc8b75:6616:153)
    at commitHookPassiveMountEffects (http://localhost:5173/node_modules/.vite/deps/react-dom_client.js?v=1bdc8b75:6651:55)
    at commitPassiveMountOnFiber (http://localhost:5173/node_modules/.vite/deps/react-dom_client.js?v=1bdc8b75:7617:22)
    at recursivelyTraversePassiveMountEffects (http://localhost:5173/node_modules/.vite/deps/react-dom_client.js?v=1bdc8b75:7605:5)
    at commitPassiveMountOnFiber (http://localhost:5173/node_modules/.vite/deps/react-dom_client.js?v=1bdc8b75:7616:6)
    at recursivelyTraversePassiveMountEffects (http://localhost:5173/node_modules/.vite/deps/react-dom_client.js?v=1bdc8b75:7605:5) @ http://localhost:5173/@vite/client:509
[  110669ms] [ERROR] Failed to load resource: net::ERR_CONNECTION_REFUSED @ http://localhost:5001/api/auth/me:0
[  110669ms] [ERROR] Failed to load resource: net::ERR_CONNECTION_REFUSED @ http://localhost:5001/api/impact/summary:0
[  110669ms] [ERROR] Failed to fetch impact summary TypeError: Failed to fetch
    at apiFetch (http://localhost:5173/src/api.ts?t=1775657011161:8:20)
    at http://localhost:5173/src/pages/HomePage.tsx?t=1775657011161:65:3
    at Object.react_stack_bottom_frame (http://localhost:5173/node_modules/.vite/deps/react-dom_client.js?v=1bdc8b75:12903:13)
    at runWithFiberInDEV (http://localhost:5173/node_modules/.vite/deps/react-dom_client.js?v=1bdc8b75:850:66)
    at commitHookEffectListMount (http://localhost:5173/node_modules/.vite/deps/react-dom_client.js?v=1bdc8b75:6616:153)
    at commitHookPassiveMountEffects (http://localhost:5173/node_modules/.vite/deps/react-dom_client.js?v=1bdc8b75:6651:55)
    at reconnectPassiveEffects (http://localhost:5173/node_modules/.vite/deps/react-dom_client.js?v=1bdc8b75:7700:6)
    at recursivelyTraverseReconnectPassiveEffects (http://localhost:5173/node_modules/.vite/deps/react-dom_client.js?v=1bdc8b75:7687:5)
    at reconnectPassiveEffects (http://localhost:5173/node_modules/.vite/deps/react-dom_client.js?v=1bdc8b75:7699:6)
    at recursivelyTraverseReconnectPassiveEffects (http://localhost:5173/node_modules/.vite/deps/react-dom_client.js?v=1bdc8b75:7687:5) @ http://localhost:5173/@vite/client:509
[  110669ms] [ERROR] Failed to load resource: net::ERR_CONNECTION_REFUSED @ http://localhost:5001/api/auth/me:0
