[      74ms] [INFO] %cDownload the React DevTools for a better development experience: https://react.dev/link/react-devtools font-weight:bold @ http://localhost:5173/node_modules/.vite/deps/react-dom_client.js?v=c7a74274:14336
[      90ms] [LOG] [API] Fetching: http://localhost:5001/api/auth/me @ http://localhost:5173/src/api.ts:6
[      91ms] [LOG] [API] Fetching: http://localhost:5001/api/auth/me @ http://localhost:5173/src/api.ts:6
[     720ms] [LOG] [API] Fetching: http://localhost:5001/api/admin/metrics @ http://localhost:5173/src/api.ts:6
[     720ms] [LOG] [API] Fetching: http://localhost:5001/api/admin/residents @ http://localhost:5173/src/api.ts:6
[     721ms] [LOG] [API] Fetching: http://localhost:5001/api/admin/recent-donations @ http://localhost:5173/src/api.ts:6
[     722ms] [LOG] [API] Fetching: http://localhost:5001/api/admin/active-residents-trend @ http://localhost:5173/src/api.ts:6
[     722ms] [LOG] [API] Fetching: http://localhost:5001/api/admin/flagged-cases-trend @ http://localhost:5173/src/api.ts:6
[     723ms] [LOG] [API] Fetching: http://localhost:5001/api/admin/donations-by-channel @ http://localhost:5173/src/api.ts:6
[     724ms] [LOG] [API] Fetching: http://localhost:5001/api/admin/metrics @ http://localhost:5173/src/api.ts:6
[     724ms] [LOG] [API] Fetching: http://localhost:5001/api/admin/residents @ http://localhost:5173/src/api.ts:6
[     725ms] [LOG] [API] Fetching: http://localhost:5001/api/admin/recent-donations @ http://localhost:5173/src/api.ts:6
[     725ms] [LOG] [API] Fetching: http://localhost:5001/api/admin/active-residents-trend @ http://localhost:5173/src/api.ts:6
[     726ms] [LOG] [API] Fetching: http://localhost:5001/api/admin/flagged-cases-trend @ http://localhost:5173/src/api.ts:6
[     726ms] [LOG] [API] Fetching: http://localhost:5001/api/admin/donations-by-channel @ http://localhost:5173/src/api.ts:6
[   53197ms] [LOG] [API] Fetching: http://localhost:5001/api/admin/metrics @ http://localhost:5173/src/api.ts:6
[   53198ms] [LOG] [API] Fetching: http://localhost:5001/api/admin/residents @ http://localhost:5173/src/api.ts:6
[   53198ms] [LOG] [API] Fetching: http://localhost:5001/api/admin/recent-donations @ http://localhost:5173/src/api.ts:6
[   53198ms] [LOG] [API] Fetching: http://localhost:5001/api/admin/active-residents-trend @ http://localhost:5173/src/api.ts:6
[   53199ms] [LOG] [API] Fetching: http://localhost:5001/api/admin/flagged-cases-trend @ http://localhost:5173/src/api.ts:6
[   53199ms] [LOG] [API] Fetching: http://localhost:5001/api/admin/donations-by-channel @ http://localhost:5173/src/api.ts:6
[   53200ms] [LOG] [API] Fetching: http://localhost:5001/api/admin/metrics @ http://localhost:5173/src/api.ts:6
[   53200ms] [LOG] [API] Fetching: http://localhost:5001/api/admin/residents @ http://localhost:5173/src/api.ts:6
[   53201ms] [LOG] [API] Fetching: http://localhost:5001/api/admin/recent-donations @ http://localhost:5173/src/api.ts:6
[   53201ms] [LOG] [API] Fetching: http://localhost:5001/api/admin/active-residents-trend @ http://localhost:5173/src/api.ts:6
[   53201ms] [LOG] [API] Fetching: http://localhost:5001/api/admin/flagged-cases-trend @ http://localhost:5173/src/api.ts:6
[   53201ms] [LOG] [API] Fetching: http://localhost:5001/api/admin/donations-by-channel @ http://localhost:5173/src/api.ts:6
[   63304ms] [LOG] [API] Fetching: http://localhost:5001/api/admin/metrics @ http://localhost:5173/src/api.ts:6
[   63304ms] [LOG] [API] Fetching: http://localhost:5001/api/admin/residents @ http://localhost:5173/src/api.ts:6
[   63305ms] [LOG] [API] Fetching: http://localhost:5001/api/admin/recent-donations @ http://localhost:5173/src/api.ts:6
[   63305ms] [LOG] [API] Fetching: http://localhost:5001/api/admin/active-residents-trend @ http://localhost:5173/src/api.ts:6
[   63305ms] [LOG] [API] Fetching: http://localhost:5001/api/admin/flagged-cases-trend @ http://localhost:5173/src/api.ts:6
[   63306ms] [LOG] [API] Fetching: http://localhost:5001/api/admin/donations-by-channel @ http://localhost:5173/src/api.ts:6
[   63306ms] [LOG] [API] Fetching: http://localhost:5001/api/admin/metrics @ http://localhost:5173/src/api.ts:6
[   63307ms] [LOG] [API] Fetching: http://localhost:5001/api/admin/residents @ http://localhost:5173/src/api.ts:6
[   63307ms] [LOG] [API] Fetching: http://localhost:5001/api/admin/recent-donations @ http://localhost:5173/src/api.ts:6
[   63307ms] [LOG] [API] Fetching: http://localhost:5001/api/admin/active-residents-trend @ http://localhost:5173/src/api.ts:6
[   63307ms] [LOG] [API] Fetching: http://localhost:5001/api/admin/flagged-cases-trend @ http://localhost:5173/src/api.ts:6
[   63308ms] [LOG] [API] Fetching: http://localhost:5001/api/admin/donations-by-channel @ http://localhost:5173/src/api.ts:6
