[      93ms] [INFO] %cDownload the React DevTools for a better development experience: https://react.dev/link/react-devtools font-weight:bold @ http://localhost:5173/node_modules/.vite/deps/react-dom_client.js?v=c7a74274:14336
[     108ms] [LOG] [API] Fetching: http://localhost:5001/api/auth/me @ http://localhost:5173/src/api.ts:6
[     108ms] [LOG] [API] Fetching: http://localhost:5001/api/auth/me @ http://localhost:5173/src/api.ts:6
[    1178ms] [LOG] [API] Fetching: http://localhost:5001/api/admin/residents-list @ http://localhost:5173/src/api.ts:6
[    1180ms] [LOG] [API] Fetching: http://localhost:5001/api/admin/residents-list @ http://localhost:5173/src/api.ts:6
[   25191ms] [LOG] [vite] server connection lost. Polling for restart... @ http://localhost:5173/@vite/client:968
[   26409ms] [INFO] %cDownload the React DevTools for a better development experience: https://react.dev/link/react-devtools font-weight:bold @ http://localhost:5173/node_modules/.vite/deps/react-dom_client.js?v=c7a74274:14336
[   26424ms] [LOG] [API] Fetching: https://intex-backend-hehbb8gwb2e3b8b6.westus2-01.azurewebsites.net/api/auth/me @ http://localhost:5173/src/api.ts:6
[   26425ms] [LOG] [API] Fetching: https://intex-backend-hehbb8gwb2e3b8b6.westus2-01.azurewebsites.net/api/auth/me @ http://localhost:5173/src/api.ts:6
[   27560ms] [LOG] [API] Fetching: https://intex-backend-hehbb8gwb2e3b8b6.westus2-01.azurewebsites.net/api/admin/residents-list @ http://localhost:5173/src/api.ts:6
[   27562ms] [LOG] [API] Fetching: https://intex-backend-hehbb8gwb2e3b8b6.westus2-01.azurewebsites.net/api/admin/residents-list @ http://localhost:5173/src/api.ts:6
[  110763ms] [LOG] [API] Fetching: https://intex-backend-hehbb8gwb2e3b8b6.westus2-01.azurewebsites.net/api/auth/me @ http://localhost:5173/src/api.ts:6
[  110763ms] [LOG] [API] Fetching: https://intex-backend-hehbb8gwb2e3b8b6.westus2-01.azurewebsites.net/api/auth/me @ http://localhost:5173/src/api.ts:6
[  111551ms] [LOG] [API] Fetching: https://intex-backend-hehbb8gwb2e3b8b6.westus2-01.azurewebsites.net/api/admin/residents-list @ http://localhost:5173/src/api.ts:6
[  111552ms] [LOG] [API] Fetching: https://intex-backend-hehbb8gwb2e3b8b6.westus2-01.azurewebsites.net/api/admin/residents-list @ http://localhost:5173/src/api.ts:6
[  117194ms] [LOG] [API] Fetching: https://intex-backend-hehbb8gwb2e3b8b6.westus2-01.azurewebsites.net/api/auth/me @ http://localhost:5173/src/api.ts:6
[  117195ms] [LOG] [API] Fetching: https://intex-backend-hehbb8gwb2e3b8b6.westus2-01.azurewebsites.net/api/auth/me @ http://localhost:5173/src/api.ts:6
[  120093ms] [LOG] [API] Fetching: https://intex-backend-hehbb8gwb2e3b8b6.westus2-01.azurewebsites.net/api/admin/residents-list @ http://localhost:5173/src/api.ts:6
[  120095ms] [LOG] [API] Fetching: https://intex-backend-hehbb8gwb2e3b8b6.westus2-01.azurewebsites.net/api/admin/residents-list @ http://localhost:5173/src/api.ts:6
[  124285ms] [LOG] [API] Fetching: https://intex-backend-hehbb8gwb2e3b8b6.westus2-01.azurewebsites.net/api/admin/residents-list @ http://localhost:5173/src/api.ts:6
[  124285ms] [LOG] [API] Fetching: https://intex-backend-hehbb8gwb2e3b8b6.westus2-01.azurewebsites.net/api/admin/residents-list @ http://localhost:5173/src/api.ts:6
[  130109ms] [LOG] [API] Fetching: https://intex-backend-hehbb8gwb2e3b8b6.westus2-01.azurewebsites.net/api/admin/residents-list @ http://localhost:5173/src/api.ts:6
[  130110ms] [LOG] [API] Fetching: https://intex-backend-hehbb8gwb2e3b8b6.westus2-01.azurewebsites.net/api/admin/residents-list @ http://localhost:5173/src/api.ts:6
[  153552ms] [ERROR] WebSocket connection to 'ws://localhost:5173/?token=AhWj64NgaO8R' failed:  @ http://localhost:5173/@vite/client:840
[  153552ms] [LOG] [vite] server connection lost. Polling for restart... @ http://localhost:5173/@vite/client:968
[  160775ms] [ERROR] Failed to load resource: the server responded with a status of 404 () @ chrome-error://chromewebdata/:0
