[      85ms] [INFO] %cDownload the React DevTools for a better development experience: https://react.dev/link/react-devtools font-weight:bold @ http://localhost:5173/node_modules/.vite/deps/react-dom_client.js?v=0b483079:14336
[     133ms] [LOG] [API] Fetching: http://localhost:5001/api/auth/me @ http://localhost:5173/src/api.ts:6
[     133ms] [LOG] [API] Fetching: http://localhost:5001/api/auth/me @ http://localhost:5173/src/api.ts:6
[  402774ms] ReferenceError: SocialQueuePage is not defined
    at App (http://localhost:5173/src/App.tsx?t=1775704197068:881:40)
    at Object.react_stack_bottom_frame (http://localhost:5173/node_modules/.vite/deps/react-dom_client.js?v=0b483079:12867:12)
    at renderWithHooks (http://localhost:5173/node_modules/.vite/deps/react-dom_client.js?v=0b483079:4212:19)
    at updateFunctionComponent (http://localhost:5173/node_modules/.vite/deps/react-dom_client.js?v=0b483079:5568:16)
    at beginWork (http://localhost:5173/node_modules/.vite/deps/react-dom_client.js?v=0b483079:6139:20)
    at runWithFiberInDEV (http://localhost:5173/node_modules/.vite/deps/react-dom_client.js?v=0b483079:850:66)
    at performUnitOfWork (http://localhost:5173/node_modules/.vite/deps/react-dom_client.js?v=0b483079:8428:92)
    at workLoopSync (http://localhost:5173/node_modules/.vite/deps/react-dom_client.js?v=0b483079:8324:37)
    at renderRootSync (http://localhost:5173/node_modules/.vite/deps/react-dom_client.js?v=0b483079:8308:6)
    at performWorkOnRoot (http://localhost:5173/node_modules/.vite/deps/react-dom_client.js?v=0b483079:7993:27)
[  402771ms] [WARNING] %s

%s
 An error occurred in the <App> component. Consider adding an error boundary to your tree to customize error handling behavior.
Visit https://react.dev/link/error-boundaries to learn more about error boundaries. @ http://localhost:5173/@vite/client:509
[  413326ms] [LOG] [API] Fetching: http://localhost:5001/api/auth/me @ http://localhost:5173/src/api.ts:6
[  413326ms] [LOG] [API] Fetching: http://localhost:5001/api/auth/me @ http://localhost:5173/src/api.ts:6
[  870278ms] [INFO] %cDownload the React DevTools for a better development experience: https://react.dev/link/react-devtools font-weight:bold @ http://localhost:5173/node_modules/.vite/deps/react-dom_client.js?v=0b483079:14336
[  870312ms] [LOG] [API] Fetching: http://localhost:5001/api/auth/me @ http://localhost:5173/src/api.ts:6
[  870312ms] [LOG] [API] Fetching: http://localhost:5001/api/auth/me @ http://localhost:5173/src/api.ts:6
