[     247ms] [INFO] %cDownload the React DevTools for a better development experience: https://react.dev/link/react-devtools font-weight:bold @ http://localhost:5173/node_modules/.vite/deps/react-dom_client.js?v=1bdc8b75:14336
[     366ms] [LOG] [API] Fetching: http://localhost:5001/api/impact/summary @ http://localhost:5173/src/api.ts:6
[     367ms] [LOG] [API] Fetching: http://localhost:5001/api/auth/me @ http://localhost:5173/src/api.ts:6
[     368ms] [LOG] [API] Fetching: http://localhost:5001/api/impact/summary @ http://localhost:5173/src/api.ts:6
[     368ms] [LOG] [API] Fetching: http://localhost:5001/api/auth/me @ http://localhost:5173/src/api.ts:6
[     374ms] [ERROR] Failed to load resource: net::ERR_CONNECTION_REFUSED @ http://localhost:5001/api/auth/me:0
[     374ms] [ERROR] Failed to load resource: net::ERR_CONNECTION_REFUSED @ http://localhost:5001/api/impact/summary:0
[     374ms] [ERROR] Failed to fetch impact summary TypeError: Failed to fetch
    at apiFetch (http://localhost:5173/src/api.ts:8:20)
    at http://localhost:5173/src/pages/HomePage.tsx?t=1775656280059:65:3
    at Object.react_stack_bottom_frame (http://localhost:5173/node_modules/.vite/deps/react-dom_client.js?v=1bdc8b75:12903:13)
    at runWithFiberInDEV (http://localhost:5173/node_modules/.vite/deps/react-dom_client.js?v=1bdc8b75:850:66)
    at commitHookEffectListMount (http://localhost:5173/node_modules/.vite/deps/react-dom_client.js?v=1bdc8b75:6616:153)
    at commitHookPassiveMountEffects (http://localhost:5173/node_modules/.vite/deps/react-dom_client.js?v=1bdc8b75:6651:55)
    at commitPassiveMountOnFiber (http://localhost:5173/node_modules/.vite/deps/react-dom_client.js?v=1bdc8b75:7617:22)
    at recursivelyTraversePassiveMountEffects (http://localhost:5173/node_modules/.vite/deps/react-dom_client.js?v=1bdc8b75:7605:5)
    at commitPassiveMountOnFiber (http://localhost:5173/node_modules/.vite/deps/react-dom_client.js?v=1bdc8b75:7616:6)
    at recursivelyTraversePassiveMountEffects (http://localhost:5173/node_modules/.vite/deps/react-dom_client.js?v=1bdc8b75:7605:5) @ http://localhost:5173/@vite/client:509
[     377ms] [ERROR] Failed to load resource: net::ERR_CONNECTION_REFUSED @ http://localhost:5001/api/impact/summary:0
[     377ms] [ERROR] Failed to fetch impact summary TypeError: Failed to fetch
    at apiFetch (http://localhost:5173/src/api.ts:8:20)
    at http://localhost:5173/src/pages/HomePage.tsx?t=1775656280059:65:3
    at Object.react_stack_bottom_frame (http://localhost:5173/node_modules/.vite/deps/react-dom_client.js?v=1bdc8b75:12903:13)
    at runWithFiberInDEV (http://localhost:5173/node_modules/.vite/deps/react-dom_client.js?v=1bdc8b75:850:66)
    at commitHookEffectListMount (http://localhost:5173/node_modules/.vite/deps/react-dom_client.js?v=1bdc8b75:6616:153)
    at commitHookPassiveMountEffects (http://localhost:5173/node_modules/.vite/deps/react-dom_client.js?v=1bdc8b75:6651:55)
    at reconnectPassiveEffects (http://localhost:5173/node_modules/.vite/deps/react-dom_client.js?v=1bdc8b75:7700:6)
    at recursivelyTraverseReconnectPassiveEffects (http://localhost:5173/node_modules/.vite/deps/react-dom_client.js?v=1bdc8b75:7687:5)
    at reconnectPassiveEffects (http://localhost:5173/node_modules/.vite/deps/react-dom_client.js?v=1bdc8b75:7699:6)
    at recursivelyTraverseReconnectPassiveEffects (http://localhost:5173/node_modules/.vite/deps/react-dom_client.js?v=1bdc8b75:7687:5) @ http://localhost:5173/@vite/client:509
[     377ms] [ERROR] Failed to load resource: net::ERR_CONNECTION_REFUSED @ http://localhost:5001/api/auth/me:0
[  179124ms] [LOG] [API] Fetching: http://localhost:5001/api/impact/summary @ http://localhost:5173/src/api.ts?t=1775656986134:6
[  179125ms] [LOG] [API] Fetching: http://localhost:5001/api/auth/me @ http://localhost:5173/src/api.ts?t=1775656986134:6
[  179125ms] [LOG] [API] Fetching: http://localhost:5001/api/impact/summary @ http://localhost:5173/src/api.ts?t=1775656986134:6
[  179130ms] [ERROR] Failed to load resource: net::ERR_CONNECTION_REFUSED @ http://localhost:5001/api/impact/summary:0
[  179130ms] [ERROR] Failed to fetch impact summary TypeError: Failed to fetch
    at apiFetch (http://localhost:5173/src/api.ts?t=1775656986134:8:20)
    at http://localhost:5173/src/pages/HomePage.tsx?t=1775656986134:65:3
    at Object.react_stack_bottom_frame (http://localhost:5173/node_modules/.vite/deps/react-dom_client.js?v=1bdc8b75:12903:13)
    at runWithFiberInDEV (http://localhost:5173/node_modules/.vite/deps/react-dom_client.js?v=1bdc8b75:850:66)
    at commitHookEffectListMount (http://localhost:5173/node_modules/.vite/deps/react-dom_client.js?v=1bdc8b75:6616:153)
    at commitHookPassiveMountEffects (http://localhost:5173/node_modules/.vite/deps/react-dom_client.js?v=1bdc8b75:6651:55)
    at commitPassiveMountOnFiber (http://localhost:5173/node_modules/.vite/deps/react-dom_client.js?v=1bdc8b75:7617:22)
    at recursivelyTraversePassiveMountEffects (http://localhost:5173/node_modules/.vite/deps/react-dom_client.js?v=1bdc8b75:7605:5)
    at commitPassiveMountOnFiber (http://localhost:5173/node_modules/.vite/deps/react-dom_client.js?v=1bdc8b75:7616:6)
    at recursivelyTraversePassiveMountEffects (http://localhost:5173/node_modules/.vite/deps/react-dom_client.js?v=1bdc8b75:7605:5) @ http://localhost:5173/@vite/client:509
[  179131ms] [ERROR] Failed to load resource: net::ERR_CONNECTION_REFUSED @ http://localhost:5001/api/auth/me:0
[  179131ms] [ERROR] Failed to load resource: net::ERR_CONNECTION_REFUSED @ http://localhost:5001/api/impact/summary:0
[  179131ms] [ERROR] Failed to fetch impact summary TypeError: Failed to fetch
    at apiFetch (http://localhost:5173/src/api.ts?t=1775656986134:8:20)
    at http://localhost:5173/src/pages/HomePage.tsx?t=1775656986134:65:3
    at Object.react_stack_bottom_frame (http://localhost:5173/node_modules/.vite/deps/react-dom_client.js?v=1bdc8b75:12903:13)
    at runWithFiberInDEV (http://localhost:5173/node_modules/.vite/deps/react-dom_client.js?v=1bdc8b75:850:66)
    at commitHookEffectListMount (http://localhost:5173/node_modules/.vite/deps/react-dom_client.js?v=1bdc8b75:6616:153)
    at commitHookPassiveMountEffects (http://localhost:5173/node_modules/.vite/deps/react-dom_client.js?v=1bdc8b75:6651:55)
    at reconnectPassiveEffects (http://localhost:5173/node_modules/.vite/deps/react-dom_client.js?v=1bdc8b75:7700:6)
    at recursivelyTraverseReconnectPassiveEffects (http://localhost:5173/node_modules/.vite/deps/react-dom_client.js?v=1bdc8b75:7687:5)
    at reconnectPassiveEffects (http://localhost:5173/node_modules/.vite/deps/react-dom_client.js?v=1bdc8b75:7699:6)
    at recursivelyTraverseReconnectPassiveEffects (http://localhost:5173/node_modules/.vite/deps/react-dom_client.js?v=1bdc8b75:7687:5) @ http://localhost:5173/@vite/client:509
