[      95ms] [INFO] %cDownload the React DevTools for a better development experience: https://react.dev/link/react-devtools font-weight:bold @ http://localhost:5173/node_modules/.vite/deps/react-dom_client.js?v=c7a74274:14336
[     121ms] [LOG] [API] Fetching: http://localhost:5001/api/auth/me @ http://localhost:5173/src/api.ts:6
[     121ms] [LOG] [API] Fetching: http://localhost:5001/api/auth/me @ http://localhost:5173/src/api.ts:6
[    1049ms] [LOG] [API] Fetching: http://localhost:5001/api/admin/metrics @ http://localhost:5173/src/api.ts:6
[    1049ms] [LOG] [API] Fetching: http://localhost:5001/api/admin/residents @ http://localhost:5173/src/api.ts:6
[    1050ms] [LOG] [API] Fetching: http://localhost:5001/api/admin/recent-donations @ http://localhost:5173/src/api.ts:6
[    1050ms] [LOG] [API] Fetching: http://localhost:5001/api/admin/active-residents-trend @ http://localhost:5173/src/api.ts:6
[    1050ms] [LOG] [API] Fetching: http://localhost:5001/api/admin/flagged-cases-trend @ http://localhost:5173/src/api.ts:6
[    1051ms] [LOG] [API] Fetching: http://localhost:5001/api/admin/donations-by-channel @ http://localhost:5173/src/api.ts:6
[    1052ms] [LOG] [API] Fetching: http://localhost:5001/api/admin/metrics @ http://localhost:5173/src/api.ts:6
[    1052ms] [LOG] [API] Fetching: http://localhost:5001/api/admin/residents @ http://localhost:5173/src/api.ts:6
[    1052ms] [LOG] [API] Fetching: http://localhost:5001/api/admin/recent-donations @ http://localhost:5173/src/api.ts:6
[    1053ms] [LOG] [API] Fetching: http://localhost:5001/api/admin/active-residents-trend @ http://localhost:5173/src/api.ts:6
[    1053ms] [LOG] [API] Fetching: http://localhost:5001/api/admin/flagged-cases-trend @ http://localhost:5173/src/api.ts:6
[    1053ms] [LOG] [API] Fetching: http://localhost:5001/api/admin/donations-by-channel @ http://localhost:5173/src/api.ts:6
[   51946ms] [LOG] [API] Fetching: http://localhost:5001/api/admin/metrics @ http://localhost:5173/src/api.ts:6
[   51947ms] [LOG] [API] Fetching: http://localhost:5001/api/admin/residents @ http://localhost:5173/src/api.ts:6
[   51947ms] [LOG] [API] Fetching: http://localhost:5001/api/admin/recent-donations @ http://localhost:5173/src/api.ts:6
[   51948ms] [LOG] [API] Fetching: http://localhost:5001/api/admin/active-residents-trend @ http://localhost:5173/src/api.ts:6
[   51948ms] [LOG] [API] Fetching: http://localhost:5001/api/admin/flagged-cases-trend @ http://localhost:5173/src/api.ts:6
[   51949ms] [LOG] [API] Fetching: http://localhost:5001/api/admin/donations-by-channel @ http://localhost:5173/src/api.ts:6
[   51949ms] [LOG] [API] Fetching: http://localhost:5001/api/admin/metrics @ http://localhost:5173/src/api.ts:6
[   51950ms] [LOG] [API] Fetching: http://localhost:5001/api/admin/residents @ http://localhost:5173/src/api.ts:6
[   51950ms] [LOG] [API] Fetching: http://localhost:5001/api/admin/recent-donations @ http://localhost:5173/src/api.ts:6
[   51950ms] [LOG] [API] Fetching: http://localhost:5001/api/admin/active-residents-trend @ http://localhost:5173/src/api.ts:6
[   51950ms] [LOG] [API] Fetching: http://localhost:5001/api/admin/flagged-cases-trend @ http://localhost:5173/src/api.ts:6
[   51951ms] [LOG] [API] Fetching: http://localhost:5001/api/admin/donations-by-channel @ http://localhost:5173/src/api.ts:6
[   60515ms] [LOG] [API] Fetching: http://localhost:5001/api/admin/metrics @ http://localhost:5173/src/api.ts:6
[   60516ms] [LOG] [API] Fetching: http://localhost:5001/api/admin/residents @ http://localhost:5173/src/api.ts:6
[   60516ms] [LOG] [API] Fetching: http://localhost:5001/api/admin/recent-donations @ http://localhost:5173/src/api.ts:6
[   60517ms] [LOG] [API] Fetching: http://localhost:5001/api/admin/active-residents-trend @ http://localhost:5173/src/api.ts:6
[   60517ms] [LOG] [API] Fetching: http://localhost:5001/api/admin/flagged-cases-trend @ http://localhost:5173/src/api.ts:6
[   60518ms] [LOG] [API] Fetching: http://localhost:5001/api/admin/donations-by-channel @ http://localhost:5173/src/api.ts:6
[   60518ms] [LOG] [API] Fetching: http://localhost:5001/api/admin/metrics @ http://localhost:5173/src/api.ts:6
[   60518ms] [LOG] [API] Fetching: http://localhost:5001/api/admin/residents @ http://localhost:5173/src/api.ts:6
[   60519ms] [LOG] [API] Fetching: http://localhost:5001/api/admin/recent-donations @ http://localhost:5173/src/api.ts:6
[   60519ms] [LOG] [API] Fetching: http://localhost:5001/api/admin/active-residents-trend @ http://localhost:5173/src/api.ts:6
[   60519ms] [LOG] [API] Fetching: http://localhost:5001/api/admin/flagged-cases-trend @ http://localhost:5173/src/api.ts:6
[   60519ms] [LOG] [API] Fetching: http://localhost:5001/api/admin/donations-by-channel @ http://localhost:5173/src/api.ts:6
