[      97ms] [INFO] %cDownload the React DevTools for a better development experience: https://react.dev/link/react-devtools font-weight:bold @ http://localhost:5173/node_modules/.vite/deps/react-dom_client.js?v=c7a74274:14336
[     121ms] [LOG] [API] Fetching: http://localhost:5001/api/auth/me @ http://localhost:5173/src/api.ts:6
[     122ms] [LOG] [API] Fetching: http://localhost:5001/api/auth/me @ http://localhost:5173/src/api.ts:6
[     909ms] [LOG] [API] Fetching: http://localhost:5001/api/admin/metrics @ http://localhost:5173/src/api.ts:6
[     910ms] [LOG] [API] Fetching: http://localhost:5001/api/admin/residents @ http://localhost:5173/src/api.ts:6
[     910ms] [LOG] [API] Fetching: http://localhost:5001/api/admin/recent-donations @ http://localhost:5173/src/api.ts:6
[     911ms] [LOG] [API] Fetching: http://localhost:5001/api/admin/active-residents-trend @ http://localhost:5173/src/api.ts:6
[     911ms] [LOG] [API] Fetching: http://localhost:5001/api/admin/flagged-cases-trend @ http://localhost:5173/src/api.ts:6
[     912ms] [LOG] [API] Fetching: http://localhost:5001/api/admin/donations-by-channel @ http://localhost:5173/src/api.ts:6
[     912ms] [LOG] [API] Fetching: http://localhost:5001/api/admin/metrics @ http://localhost:5173/src/api.ts:6
[     913ms] [LOG] [API] Fetching: http://localhost:5001/api/admin/residents @ http://localhost:5173/src/api.ts:6
[     913ms] [LOG] [API] Fetching: http://localhost:5001/api/admin/recent-donations @ http://localhost:5173/src/api.ts:6
[     913ms] [LOG] [API] Fetching: http://localhost:5001/api/admin/active-residents-trend @ http://localhost:5173/src/api.ts:6
[     914ms] [LOG] [API] Fetching: http://localhost:5001/api/admin/flagged-cases-trend @ http://localhost:5173/src/api.ts:6
[     914ms] [LOG] [API] Fetching: http://localhost:5001/api/admin/donations-by-channel @ http://localhost:5173/src/api.ts:6
[  493304ms] [LOG] [API] Fetching: http://localhost:5001/api/admin/metrics @ http://localhost:5173/src/api.ts:6
[  493305ms] [LOG] [API] Fetching: http://localhost:5001/api/admin/residents @ http://localhost:5173/src/api.ts:6
[  493305ms] [LOG] [API] Fetching: http://localhost:5001/api/admin/recent-donations @ http://localhost:5173/src/api.ts:6
[  493306ms] [LOG] [API] Fetching: http://localhost:5001/api/admin/active-residents-trend @ http://localhost:5173/src/api.ts:6
[  493306ms] [LOG] [API] Fetching: http://localhost:5001/api/admin/flagged-cases-trend @ http://localhost:5173/src/api.ts:6
[  493306ms] [LOG] [API] Fetching: http://localhost:5001/api/admin/donations-by-channel @ http://localhost:5173/src/api.ts:6
[  493307ms] [LOG] [API] Fetching: http://localhost:5001/api/admin/metrics @ http://localhost:5173/src/api.ts:6
[  493307ms] [LOG] [API] Fetching: http://localhost:5001/api/admin/residents @ http://localhost:5173/src/api.ts:6
[  493308ms] [LOG] [API] Fetching: http://localhost:5001/api/admin/recent-donations @ http://localhost:5173/src/api.ts:6
[  493308ms] [LOG] [API] Fetching: http://localhost:5001/api/admin/active-residents-trend @ http://localhost:5173/src/api.ts:6
[  493309ms] [LOG] [API] Fetching: http://localhost:5001/api/admin/flagged-cases-trend @ http://localhost:5173/src/api.ts:6
[  493309ms] [LOG] [API] Fetching: http://localhost:5001/api/admin/donations-by-channel @ http://localhost:5173/src/api.ts:6
[  494081ms] [LOG] [API] Fetching: http://localhost:5001/api/admin/metrics @ http://localhost:5173/src/api.ts:6
[  494082ms] [LOG] [API] Fetching: http://localhost:5001/api/admin/residents @ http://localhost:5173/src/api.ts:6
[  494082ms] [LOG] [API] Fetching: http://localhost:5001/api/admin/recent-donations @ http://localhost:5173/src/api.ts:6
[  494082ms] [LOG] [API] Fetching: http://localhost:5001/api/admin/active-residents-trend @ http://localhost:5173/src/api.ts:6
[  494083ms] [LOG] [API] Fetching: http://localhost:5001/api/admin/flagged-cases-trend @ http://localhost:5173/src/api.ts:6
[  494083ms] [LOG] [API] Fetching: http://localhost:5001/api/admin/donations-by-channel @ http://localhost:5173/src/api.ts:6
[  494084ms] [LOG] [API] Fetching: http://localhost:5001/api/admin/metrics @ http://localhost:5173/src/api.ts:6
[  494084ms] [LOG] [API] Fetching: http://localhost:5001/api/admin/residents @ http://localhost:5173/src/api.ts:6
[  494084ms] [LOG] [API] Fetching: http://localhost:5001/api/admin/recent-donations @ http://localhost:5173/src/api.ts:6
[  494084ms] [LOG] [API] Fetching: http://localhost:5001/api/admin/active-residents-trend @ http://localhost:5173/src/api.ts:6
[  494085ms] [LOG] [API] Fetching: http://localhost:5001/api/admin/flagged-cases-trend @ http://localhost:5173/src/api.ts:6
[  494085ms] [LOG] [API] Fetching: http://localhost:5001/api/admin/donations-by-channel @ http://localhost:5173/src/api.ts:6
[  778858ms] [LOG] [API] Fetching: http://localhost:5001/api/admin/residents?page=1&pageSize=500&sortBy=code_asc @ http://localhost:5173/src/api.ts:6
[  778859ms] [LOG] [API] Fetching: http://localhost:5001/api/admin/recordings?page=1&pageSize=15&sortBy=date_desc @ http://localhost:5173/src/api.ts:6
[  778860ms] [LOG] [API] Fetching: http://localhost:5001/api/admin/residents?page=1&pageSize=500&sortBy=code_asc @ http://localhost:5173/src/api.ts:6
[  778860ms] [LOG] [API] Fetching: http://localhost:5001/api/admin/recordings?page=1&pageSize=15&sortBy=date_desc @ http://localhost:5173/src/api.ts:6
[  780977ms] [LOG] [API] Fetching: http://localhost:5001/api/admin/metrics @ http://localhost:5173/src/api.ts:6
[  780977ms] [LOG] [API] Fetching: http://localhost:5001/api/admin/residents @ http://localhost:5173/src/api.ts:6
[  780978ms] [LOG] [API] Fetching: http://localhost:5001/api/admin/recent-donations @ http://localhost:5173/src/api.ts:6
[  780978ms] [LOG] [API] Fetching: http://localhost:5001/api/admin/active-residents-trend @ http://localhost:5173/src/api.ts:6
[  780979ms] [LOG] [API] Fetching: http://localhost:5001/api/admin/flagged-cases-trend @ http://localhost:5173/src/api.ts:6
[  780979ms] [LOG] [API] Fetching: http://localhost:5001/api/admin/donations-by-channel @ http://localhost:5173/src/api.ts:6
[  780980ms] [LOG] [API] Fetching: http://localhost:5001/api/admin/metrics @ http://localhost:5173/src/api.ts:6
[  780981ms] [LOG] [API] Fetching: http://localhost:5001/api/admin/residents @ http://localhost:5173/src/api.ts:6
[  780981ms] [LOG] [API] Fetching: http://localhost:5001/api/admin/recent-donations @ http://localhost:5173/src/api.ts:6
[  780981ms] [LOG] [API] Fetching: http://localhost:5001/api/admin/active-residents-trend @ http://localhost:5173/src/api.ts:6
[  780982ms] [LOG] [API] Fetching: http://localhost:5001/api/admin/flagged-cases-trend @ http://localhost:5173/src/api.ts:6
[  780982ms] [LOG] [API] Fetching: http://localhost:5001/api/admin/donations-by-channel @ http://localhost:5173/src/api.ts:6
[  782645ms] [LOG] [API] Fetching: http://localhost:5001/api/admin/residents?page=1&pageSize=500&sortBy=code_asc @ http://localhost:5173/src/api.ts:6
[  782646ms] [LOG] [API] Fetching: http://localhost:5001/api/admin/recordings?page=1&pageSize=15&sortBy=date_desc @ http://localhost:5173/src/api.ts:6
[  782646ms] [LOG] [API] Fetching: http://localhost:5001/api/admin/residents?page=1&pageSize=500&sortBy=code_asc @ http://localhost:5173/src/api.ts:6
[  782647ms] [LOG] [API] Fetching: http://localhost:5001/api/admin/recordings?page=1&pageSize=15&sortBy=date_desc @ http://localhost:5173/src/api.ts:6
[  787209ms] [LOG] [API] Fetching: http://localhost:5001/api/admin/metrics @ http://localhost:5173/src/api.ts:6
[  787210ms] [LOG] [API] Fetching: http://localhost:5001/api/admin/residents @ http://localhost:5173/src/api.ts:6
[  787211ms] [LOG] [API] Fetching: http://localhost:5001/api/admin/recent-donations @ http://localhost:5173/src/api.ts:6
[  787211ms] [LOG] [API] Fetching: http://localhost:5001/api/admin/active-residents-trend @ http://localhost:5173/src/api.ts:6
[  787211ms] [LOG] [API] Fetching: http://localhost:5001/api/admin/flagged-cases-trend @ http://localhost:5173/src/api.ts:6
[  787212ms] [LOG] [API] Fetching: http://localhost:5001/api/admin/donations-by-channel @ http://localhost:5173/src/api.ts:6
[  787212ms] [LOG] [API] Fetching: http://localhost:5001/api/admin/metrics @ http://localhost:5173/src/api.ts:6
[  787213ms] [LOG] [API] Fetching: http://localhost:5001/api/admin/residents @ http://localhost:5173/src/api.ts:6
[  787213ms] [LOG] [API] Fetching: http://localhost:5001/api/admin/recent-donations @ http://localhost:5173/src/api.ts:6
[  787213ms] [LOG] [API] Fetching: http://localhost:5001/api/admin/active-residents-trend @ http://localhost:5173/src/api.ts:6
[  787214ms] [LOG] [API] Fetching: http://localhost:5001/api/admin/flagged-cases-trend @ http://localhost:5173/src/api.ts:6
[  787214ms] [LOG] [API] Fetching: http://localhost:5001/api/admin/donations-by-channel @ http://localhost:5173/src/api.ts:6
